Using pre-set license
Built from '2021.3/staging' branch; Version is '2021.3.2f1 (d6360bedb9a0) revision 14038539'; Using compiler version '192829333'; Build Type 'Release'
OS: 'Windows 11  (10.0.22621) 64bit Core' Language: 'fr' Physical Memory: 16189 MB
BatchMode: 1, IsHumanControllingUs: 0, StartBugReporterOnCrash: 0, Is64bit: 1, IsPro: 1

COMMAND LINE ARGUMENTS:
D:\Unity Editor\2021.3.2f1\Editor\Unity.exe
-adb2
-batchMode
-noUpm
-name
AssetImportWorker1
-projectPath
D:/Unity Projects/GitHub/DagenaisLesperance.Thomas_DEJ6007_TP1/DEJ6007_TP1
-logFile
Logs/AssetImportWorker1.log
-srvPort
62361
Successfully changed project path to: D:/Unity Projects/GitHub/DagenaisLesperance.Thomas_DEJ6007_TP1/DEJ6007_TP1
D:/Unity Projects/GitHub/DagenaisLesperance.Thomas_DEJ6007_TP1/DEJ6007_TP1
[UnityMemory] Configuration Parameters - Can be set up in boot.config
    "memorysetup-bucket-allocator-granularity=16"
    "memorysetup-bucket-allocator-bucket-count=8"
    "memorysetup-bucket-allocator-block-size=33554432"
    "memorysetup-bucket-allocator-block-count=8"
    "memorysetup-main-allocator-block-size=16777216"
    "memorysetup-thread-allocator-block-size=16777216"
    "memorysetup-gfx-main-allocator-block-size=16777216"
    "memorysetup-gfx-thread-allocator-block-size=16777216"
    "memorysetup-cache-allocator-block-size=4194304"
    "memorysetup-typetree-allocator-block-size=2097152"
    "memorysetup-profiler-bucket-allocator-granularity=16"
    "memorysetup-profiler-bucket-allocator-bucket-count=8"
    "memorysetup-profiler-bucket-allocator-block-size=33554432"
    "memorysetup-profiler-bucket-allocator-block-count=8"
    "memorysetup-profiler-allocator-block-size=16777216"
    "memorysetup-profiler-editor-allocator-block-size=1048576"
    "memorysetup-temp-allocator-size-main=16777216"
    "memorysetup-job-temp-allocator-block-size=2097152"
    "memorysetup-job-temp-allocator-block-size-background=1048576"
    "memorysetup-job-temp-allocator-reduction-small-platforms=262144"
    "memorysetup-temp-allocator-size-background-worker=32768"
    "memorysetup-temp-allocator-size-job-worker=262144"
    "memorysetup-temp-allocator-size-preload-manager=33554432"
    "memorysetup-temp-allocator-size-nav-mesh-worker=65536"
    "memorysetup-temp-allocator-size-audio-worker=65536"
    "memorysetup-temp-allocator-size-cloud-worker=32768"
    "memorysetup-temp-allocator-size-gi-baking-worker=262144"
    "memorysetup-temp-allocator-size-gfx=262144"
Refreshing native plugins compatible for Editor in 67.24 ms, found 3 plugins.
Preloading 0 native plugins for Editor in 0.00 ms.
Initialize engine version: 2021.3.2f1 (d6360bedb9a0)
[Subsystems] Discovering subsystems at path D:/Unity Editor/2021.3.2f1/Editor/Data/Resources/UnitySubsystems
[Subsystems] Discovering subsystems at path D:/Unity Projects/GitHub/DagenaisLesperance.Thomas_DEJ6007_TP1/DEJ6007_TP1/Assets
GfxDevice: creating device client; threaded=0; jobified=0
Direct3D:
    Version:  Direct3D 11.0 [level 11.1]
    Renderer: NVIDIA GeForce RTX 2060 (ID=0x1f08)
    Vendor:   NVIDIA
    VRAM:     5968 MB
    Driver:   31.0.15.3619
Initialize mono
Mono path[0] = 'D:/Unity Editor/2021.3.2f1/Editor/Data/Managed'
Mono path[1] = 'D:/Unity Editor/2021.3.2f1/Editor/Data/MonoBleedingEdge/lib/mono/unityjit-win32'
Mono config path = 'D:/Unity Editor/2021.3.2f1/Editor/Data/MonoBleedingEdge/etc'
Using monoOptions --debugger-agent=transport=dt_socket,embedding=1,server=y,suspend=n,address=127.0.0.1:56644
Begin MonoManager ReloadAssembly
Registering precompiled unity dll's ...
Register platform support module: D:/Unity Editor/2021.3.2f1/Editor/Data/PlaybackEngines/WebGLSupport/UnityEditor.WebGL.Extensions.dll
Register platform support module: D:/Unity Editor/2021.3.2f1/Editor/Data/PlaybackEngines/MacStandaloneSupport/UnityEditor.OSXStandalone.Extensions.dll
Register platform support module: D:/Unity Editor/2021.3.2f1/Editor/Data/PlaybackEngines/AndroidPlayer/UnityEditor.Android.Extensions.dll
Register platform support module: D:/Unity Editor/2021.3.2f1/Editor/Data/PlaybackEngines/iOSSupport/UnityEditor.iOS.Extensions.dll
Register platform support module: D:/Unity Editor/2021.3.2f1/Editor/Data/PlaybackEngines/WindowsStandaloneSupport/UnityEditor.WindowsStandalone.Extensions.dll
Registered in 0.001969 seconds.
Native extension for WindowsStandalone target not found
[usbmuxd] Start listen thread
[usbmuxd] Listen thread started
Native extension for iOS target not found
Native extension for Android target not found
Native extension for OSXStandalone target not found
Native extension for WebGL target not found
Refreshing native plugins compatible for Editor in 61.67 ms, found 3 plugins.
Preloading 0 native plugins for Editor in 0.00 ms.
Mono: successfully reloaded assembly
- Completed reload, in  0.565 seconds
Domain Reload Profiling:
	ReloadAssembly (565ms)
		BeginReloadAssembly (62ms)
			ExecutionOrderSort (0ms)
			DisableScriptedObjects (0ms)
			BackupInstance (0ms)
			ReleaseScriptingObjects (0ms)
			CreateAndSetChildDomain (1ms)
		EndReloadAssembly (416ms)
			LoadAssemblies (62ms)
			RebuildTransferFunctionScriptingTraits (0ms)
			SetupTypeCache (94ms)
			ReleaseScriptCaches (0ms)
			RebuildScriptCaches (27ms)
			SetupLoadedEditorAssemblies (249ms)
				LogAssemblyErrors (0ms)
				InitializePlatformSupportModulesInManaged (57ms)
				SetLoadedEditorAssemblies (0ms)
				RefreshPlugins (62ms)
				BeforeProcessingInitializeOnLoad (1ms)
				ProcessInitializeOnLoadAttributes (89ms)
				ProcessInitializeOnLoadMethodAttributes (39ms)
				AfterProcessingInitializeOnLoad (0ms)
				EditorAssembliesLoaded (0ms)
			ExecutionOrderSort2 (0ms)
			AwakeInstancesAfterBackupRestoration (0ms)
Platform modules already initialized, skipping
Registering precompiled user dll's ...
Registered in 0.004639 seconds.
Begin MonoManager ReloadAssembly
Native extension for WindowsStandalone target not found
Native extension for iOS target not found
Native extension for Android target not found
Native extension for OSXStandalone target not found
Native extension for WebGL target not found
Refreshing native plugins compatible for Editor in 60.31 ms, found 3 plugins.
Preloading 0 native plugins for Editor in 0.00 ms.
Mono: successfully reloaded assembly
- Completed reload, in  1.073 seconds
Domain Reload Profiling:
	ReloadAssembly (1074ms)
		BeginReloadAssembly (196ms)
			ExecutionOrderSort (0ms)
			DisableScriptedObjects (5ms)
			BackupInstance (0ms)
			ReleaseScriptingObjects (0ms)
			CreateAndSetChildDomain (126ms)
		EndReloadAssembly (783ms)
			LoadAssemblies (59ms)
			RebuildTransferFunctionScriptingTraits (0ms)
			SetupTypeCache (209ms)
			ReleaseScriptCaches (1ms)
			RebuildScriptCaches (67ms)
			SetupLoadedEditorAssemblies (404ms)
				LogAssemblyErrors (0ms)
				InitializePlatformSupportModulesInManaged (19ms)
				SetLoadedEditorAssemblies (0ms)
				RefreshPlugins (60ms)
				BeforeProcessingInitializeOnLoad (62ms)
				ProcessInitializeOnLoadAttributes (223ms)
				ProcessInitializeOnLoadMethodAttributes (38ms)
				AfterProcessingInitializeOnLoad (2ms)
				EditorAssembliesLoaded (0ms)
			ExecutionOrderSort2 (0ms)
			AwakeInstancesAfterBackupRestoration (4ms)
Platform modules already initialized, skipping
========================================================================
Worker process is ready to serve import requests
Launched and connected shader compiler UnityShaderCompiler.exe after 0.03 seconds
Refreshing native plugins compatible for Editor in 0.68 ms, found 3 plugins.
Preloading 0 native plugins for Editor in 0.00 ms.
Unloading 3630 Unused Serialized files (Serialized files now loaded: 0)
Unloading 57 unused Assets / (129.1 KB). Loaded Objects now: 4081.
Memory consumption went from 149.4 MB to 149.3 MB.
Total: 2.940200 ms (FindLiveObjects: 0.299200 ms CreateObjectMapping: 0.249100 ms MarkObjects: 2.304500 ms  DeleteObjects: 0.086200 ms)

AssetImportParameters requested are different than current active one (requested -> active):
  custom:video-decoder-ogg-theora: a1e56fd34408186e4bbccfd4996cb3dc -> 
  custom:container-muxer-webm: aa71ff27fc2769a1b78a27578f13a17b -> 
  custom:container-demuxer-webm: 4f35f7cbe854078d1ac9338744f61a02 -> 
  custom:video-encoder-webm-vp8: eb34c28f22e8b96e1ab97ce403110664 -> 
  custom:video-codec-MediaFoundation-h265: 746d11721c4dcdbdad8f713fa42b33f4 -> 
  custom:audio-encoder-webm-vorbis: bf7c407c2cedff20999df2af8eb42d56 -> 
  custom:framework-win-MediaFoundation: 216162199b28c13a410421893ffa2e32 -> 
  custom:container-demuxer-ogg: 62fdf1f143b41e24485cea50d1cbac27 -> 
  custom:video-decoder-webm-vp8: 9c59270c3fd7afecdb556c50c9e8de78 -> 
  custom:audio-decoder-ogg-vorbis: bf7c407c2cedff20999df2af8eb42d56 -> 
========================================================================
Received Import Request.
  Time since last request: 1048570.319903 seconds.
  path: Assets/Prefabs/Spikes.prefab
  artifactKey: Guid(1335239981056f9458e7d0fc16a33ef5) Importer(815301076,1909f56bfc062723c751e8b465ee728b)
Start importing Assets/Prefabs/Spikes.prefab using Guid(1335239981056f9458e7d0fc16a33ef5) Importer(815301076,1909f56bfc062723c751e8b465ee728b)  -> (artifact id: '7849422d3854c5609e526fd37575e309') in 0.175259 seconds 
========================================================================
Received Import Request.
  Time since last request: 0.000019 seconds.
  path: Assets/Prefabs/DialogueManager.prefab
  artifactKey: Guid(bb56f20a2dae3ec418d958dbb9bd38e1) Importer(815301076,1909f56bfc062723c751e8b465ee728b)
Start importing Assets/Prefabs/DialogueManager.prefab using Guid(bb56f20a2dae3ec418d958dbb9bd38e1) Importer(815301076,1909f56bfc062723c751e8b465ee728b)  -> (artifact id: '4bfc2e8d87f804b7073262f90face4f8') in 0.052437 seconds 
========================================================================
Received Import Request.
  Time since last request: 0.012068 seconds.
  path: Assets/Prefabs/God.prefab
  artifactKey: Guid(6653a23129b6a7e468679dc9f8418591) Importer(815301076,1909f56bfc062723c751e8b465ee728b)
Start importing Assets/Prefabs/God.prefab using Guid(6653a23129b6a7e468679dc9f8418591) Importer(815301076,1909f56bfc062723c751e8b465ee728b) Tried select unknown importer for id '-2' '00000000000000000000000000000000'
 -> (artifact id: '430b847299c4bf91fd029575e34da7aa') in 0.090230 seconds 
========================================================================
Received Prepare
Registering precompiled user dll's ...
Registered in 0.003073 seconds.
Begin MonoManager ReloadAssembly
Native extension for WindowsStandalone target not found
Native extension for iOS target not found
Native extension for Android target not found
Native extension for OSXStandalone target not found
Native extension for WebGL target not found
Refreshing native plugins compatible for Editor in 58.40 ms, found 3 plugins.
Preloading 0 native plugins for Editor in 0.00 ms.
Mono: successfully reloaded assembly
- Completed reload, in  0.947 seconds
Domain Reload Profiling:
	ReloadAssembly (948ms)
		BeginReloadAssembly (106ms)
			ExecutionOrderSort (0ms)
			DisableScriptedObjects (5ms)
			BackupInstance (0ms)
			ReleaseScriptingObjects (0ms)
			CreateAndSetChildDomain (34ms)
		EndReloadAssembly (762ms)
			LoadAssemblies (65ms)
			RebuildTransferFunctionScriptingTraits (0ms)
			SetupTypeCache (237ms)
			ReleaseScriptCaches (1ms)
			RebuildScriptCaches (42ms)
			SetupLoadedEditorAssemblies (370ms)
				LogAssemblyErrors (0ms)
				InitializePlatformSupportModulesInManaged (25ms)
				SetLoadedEditorAssemblies (0ms)
				RefreshPlugins (58ms)
				BeforeProcessingInitializeOnLoad (47ms)
				ProcessInitializeOnLoadAttributes (208ms)
				ProcessInitializeOnLoadMethodAttributes (30ms)
				AfterProcessingInitializeOnLoad (2ms)
				EditorAssembliesLoaded (0ms)
			ExecutionOrderSort2 (0ms)
			AwakeInstancesAfterBackupRestoration (6ms)
Platform modules already initialized, skipping
Refreshing native plugins compatible for Editor in 1.62 ms, found 3 plugins.
Preloading 0 native plugins for Editor in 0.00 ms.
Unloading 3539 Unused Serialized files (Serialized files now loaded: 0)
Unloading 69 unused Assets / (99.4 KB). Loaded Objects now: 4065.
Memory consumption went from 150.5 MB to 150.4 MB.
Total: 2.847500 ms (FindLiveObjects: 0.255200 ms CreateObjectMapping: 0.155900 ms MarkObjects: 2.366700 ms  DeleteObjects: 0.069000 ms)

AssetImportParameters requested are different than current active one (requested -> active):
  custom:video-decoder-ogg-theora: a1e56fd34408186e4bbccfd4996cb3dc -> 
  custom:container-muxer-webm: aa71ff27fc2769a1b78a27578f13a17b -> 
  custom:container-demuxer-webm: 4f35f7cbe854078d1ac9338744f61a02 -> 
  custom:video-encoder-webm-vp8: eb34c28f22e8b96e1ab97ce403110664 -> 
  custom:video-codec-MediaFoundation-h265: 746d11721c4dcdbdad8f713fa42b33f4 -> 
  custom:audio-encoder-webm-vorbis: bf7c407c2cedff20999df2af8eb42d56 -> 
  custom:framework-win-MediaFoundation: 216162199b28c13a410421893ffa2e32 -> 
  custom:container-demuxer-ogg: 62fdf1f143b41e24485cea50d1cbac27 -> 
  custom:video-decoder-webm-vp8: 9c59270c3fd7afecdb556c50c9e8de78 -> 
  custom:audio-decoder-ogg-vorbis: bf7c407c2cedff20999df2af8eb42d56 -> 
========================================================================
Received Import Request.
  Time since last request: 207.035811 seconds.
  path: Assets/_Prefabs/Dialogue UI/Legacy/Bubble Template Standard UI Subtitle Panel.prefab
  artifactKey: Guid(9052074e55e1f964c8c25e4b6d86be6c) Importer(815301076,1909f56bfc062723c751e8b465ee728b)
Start importing Assets/_Prefabs/Dialogue UI/Legacy/Bubble Template Standard UI Subtitle Panel.prefab using Guid(9052074e55e1f964c8c25e4b6d86be6c) Importer(815301076,1909f56bfc062723c751e8b465ee728b)  -> (artifact id: 'f0f3f2884721f228955944ee83117a42') in 0.072632 seconds 
========================================================================
Received Import Request.
  Time since last request: 2.937503 seconds.
  path: Assets/_Prefabs/Dialogue UI/Bubble Menu Panel.prefab
  artifactKey: Guid(b9c1db9f9a5f3f94086d29be9b5f2a05) Importer(815301076,1909f56bfc062723c751e8b465ee728b)
Start importing Assets/_Prefabs/Dialogue UI/Bubble Menu Panel.prefab using Guid(b9c1db9f9a5f3f94086d29be9b5f2a05) Importer(815301076,1909f56bfc062723c751e8b465ee728b)  -> (artifact id: '512baf98db4169bf7f6cd37efb816980') in 0.030172 seconds 
========================================================================
Received Import Request.
  Time since last request: 0.000015 seconds.
  path: Assets/_Prefabs/Dialogue UI/Bubble Subtitle Panel.prefab
  artifactKey: Guid(80b32c3f0bc40fc46a46f3296d1863a6) Importer(815301076,1909f56bfc062723c751e8b465ee728b)
Start importing Assets/_Prefabs/Dialogue UI/Bubble Subtitle Panel.prefab using Guid(80b32c3f0bc40fc46a46f3296d1863a6) Importer(815301076,1909f56bfc062723c751e8b465ee728b)  -> (artifact id: 'bed3114e467c6b1d1659adc83d879eea') in 0.025202 seconds 
========================================================================
Received Import Request.
  Time since last request: 79.934120 seconds.
  path: Assets/_Art/Sprites/MenuPointers.png
  artifactKey: Guid(733cdf529bf772b499918d5d1d61a8d1) Importer(815301076,1909f56bfc062723c751e8b465ee728b)
Start importing Assets/_Art/Sprites/MenuPointers.png using Guid(733cdf529bf772b499918d5d1d61a8d1) Importer(815301076,1909f56bfc062723c751e8b465ee728b)  -> (artifact id: '7f6dd8e5af03fc93b0324e0eb4275fee') in 0.132341 seconds 
========================================================================
Received Import Request.
  Time since last request: 0.000019 seconds.
  path: Assets/_Art/Sprites/PlainBubble2.png
  artifactKey: Guid(d6b989396a14c434295b62e9828090f8) Importer(815301076,1909f56bfc062723c751e8b465ee728b)
Start importing Assets/_Art/Sprites/PlainBubble2.png using Guid(d6b989396a14c434295b62e9828090f8) Importer(815301076,1909f56bfc062723c751e8b465ee728b)  -> (artifact id: 'd49ac57824a46e8d2f58de92a85e5037') in 0.121260 seconds 
========================================================================
Received Import Request.
  Time since last request: 0.000023 seconds.
  path: Assets/_Art/Sprites/PlainBubble1.png
  artifactKey: Guid(28e0fb203c216934d98f490f44f36b4b) Importer(815301076,1909f56bfc062723c751e8b465ee728b)
Start importing Assets/_Art/Sprites/PlainBubble1.png using Guid(28e0fb203c216934d98f490f44f36b4b) Importer(815301076,1909f56bfc062723c751e8b465ee728b)  -> (artifact id: 'd823ce35151449aa4c97c97509c0fc13') in 0.072568 seconds 
========================================================================
Received Import Request.
  Time since last request: 0.000014 seconds.
  path: Assets/_Art/Sprites/Spikes.png
  artifactKey: Guid(001c61da814d97940a84cf2742bd829a) Importer(815301076,1909f56bfc062723c751e8b465ee728b)
Start importing Assets/_Art/Sprites/Spikes.png using Guid(001c61da814d97940a84cf2742bd829a) Importer(815301076,1909f56bfc062723c751e8b465ee728b)  -> (artifact id: 'f88bc4d52be108b31e5c4686fe9d65e6') in 0.022437 seconds 
========================================================================
Received Import Request.
  Time since last request: 0.000016 seconds.
  path: Assets/_Art/Sprites/Timmy.png
  artifactKey: Guid(9eba01a4612de174286b72e887a6e6de) Importer(815301076,1909f56bfc062723c751e8b465ee728b)
Start importing Assets/_Art/Sprites/Timmy.png using Guid(9eba01a4612de174286b72e887a6e6de) Importer(815301076,1909f56bfc062723c751e8b465ee728b)  -> (artifact id: 'd03d200831f6e6239a2705c9ffceac7d') in 0.047244 seconds 
========================================================================
Received Import Request.
  Time since last request: 18.002427 seconds.
  path: Assets/_Art/Sprites/Bubbles/BlueMenuBubble2.png
  artifactKey: Guid(b329f5905c6d8cf40bdd51c21e012186) Importer(815301076,1909f56bfc062723c751e8b465ee728b)
Start importing Assets/_Art/Sprites/Bubbles/BlueMenuBubble2.png using Guid(b329f5905c6d8cf40bdd51c21e012186) Importer(815301076,1909f56bfc062723c751e8b465ee728b)  -> (artifact id: '036803ffe48947551431e6b85392a27a') in 0.016519 seconds 
========================================================================
Received Import Request.
  Time since last request: 0.000016 seconds.
  path: Assets/_Art/Sprites/Bubbles/BlueMenuBubble3.png
  artifactKey: Guid(fa517f77482e38f4fa7feaa6e1025840) Importer(815301076,1909f56bfc062723c751e8b465ee728b)
Start importing Assets/_Art/Sprites/Bubbles/BlueMenuBubble3.png using Guid(fa517f77482e38f4fa7feaa6e1025840) Importer(815301076,1909f56bfc062723c751e8b465ee728b)  -> (artifact id: '05ecff7c4a70f1e1364d1065e2672dab') in 0.014641 seconds 
========================================================================
Received Import Request.
  Time since last request: 0.000018 seconds.
  path: Assets/_Art/Sprites/Bubbles/PlainBubble.png
  artifactKey: Guid(3ba81a6fd84e28642a36b3b236e8e0e7) Importer(815301076,1909f56bfc062723c751e8b465ee728b)
Start importing Assets/_Art/Sprites/Bubbles/PlainBubble.png using Guid(3ba81a6fd84e28642a36b3b236e8e0e7) Importer(815301076,1909f56bfc062723c751e8b465ee728b)  -> (artifact id: '1ee89355efc5ce3e19449de9a91e961e') in 0.014464 seconds 
========================================================================
Received Import Request.
  Time since last request: 4.165196 seconds.
  path: Assets/_Art/Sprite Sheets/God.png
  artifactKey: Guid(f0449aeb253a7a94fa6532621dc2af17) Importer(815301076,1909f56bfc062723c751e8b465ee728b)
Start importing Assets/_Art/Sprite Sheets/God.png using Guid(f0449aeb253a7a94fa6532621dc2af17) Importer(815301076,1909f56bfc062723c751e8b465ee728b)  -> (artifact id: '8581807b98be9d279281b2abe9d08860') in 0.329171 seconds 
========================================================================
Received Prepare
Registering precompiled user dll's ...
Registered in 0.003088 seconds.
Begin MonoManager ReloadAssembly
Native extension for WindowsStandalone target not found
Native extension for iOS target not found
Native extension for Android target not found
Native extension for OSXStandalone target not found
Native extension for WebGL target not found
Refreshing native plugins compatible for Editor in 0.67 ms, found 3 plugins.
Preloading 0 native plugins for Editor in 0.00 ms.
Mono: successfully reloaded assembly
- Completed reload, in  0.843 seconds
Domain Reload Profiling:
	ReloadAssembly (843ms)
		BeginReloadAssembly (105ms)
			ExecutionOrderSort (0ms)
			DisableScriptedObjects (5ms)
			BackupInstance (0ms)
			ReleaseScriptingObjects (0ms)
			CreateAndSetChildDomain (32ms)
		EndReloadAssembly (661ms)
			LoadAssemblies (62ms)
			RebuildTransferFunctionScriptingTraits (0ms)
			SetupTypeCache (192ms)
			ReleaseScriptCaches (1ms)
			RebuildScriptCaches (42ms)
			SetupLoadedEditorAssemblies (325ms)
				LogAssemblyErrors (0ms)
				InitializePlatformSupportModulesInManaged (26ms)
				SetLoadedEditorAssemblies (0ms)
				RefreshPlugins (1ms)
				BeforeProcessingInitializeOnLoad (49ms)
				ProcessInitializeOnLoadAttributes (214ms)
				ProcessInitializeOnLoadMethodAttributes (33ms)
				AfterProcessingInitializeOnLoad (2ms)
				EditorAssembliesLoaded (0ms)
			ExecutionOrderSort2 (0ms)
			AwakeInstancesAfterBackupRestoration (6ms)
Platform modules already initialized, skipping
Refreshing native plugins compatible for Editor in 1.65 ms, found 3 plugins.
Preloading 0 native plugins for Editor in 0.00 ms.
Unloading 3539 Unused Serialized files (Serialized files now loaded: 0)
Unloading 23 unused Assets / (96.2 KB). Loaded Objects now: 4096.
Memory consumption went from 150.3 MB to 150.2 MB.
Total: 3.787400 ms (FindLiveObjects: 0.304300 ms CreateObjectMapping: 0.493900 ms MarkObjects: 2.918300 ms  DeleteObjects: 0.069700 ms)

AssetImportParameters requested are different than current active one (requested -> active):
  custom:video-decoder-ogg-theora: a1e56fd34408186e4bbccfd4996cb3dc -> 
  custom:container-muxer-webm: aa71ff27fc2769a1b78a27578f13a17b -> 
  custom:container-demuxer-webm: 4f35f7cbe854078d1ac9338744f61a02 -> 
  custom:video-encoder-webm-vp8: eb34c28f22e8b96e1ab97ce403110664 -> 
  custom:video-codec-MediaFoundation-h265: 746d11721c4dcdbdad8f713fa42b33f4 -> 
  custom:audio-encoder-webm-vorbis: bf7c407c2cedff20999df2af8eb42d56 -> 
  custom:framework-win-MediaFoundation: 216162199b28c13a410421893ffa2e32 -> 
  custom:container-demuxer-ogg: 62fdf1f143b41e24485cea50d1cbac27 -> 
  custom:video-decoder-webm-vp8: 9c59270c3fd7afecdb556c50c9e8de78 -> 
  custom:audio-decoder-ogg-vorbis: bf7c407c2cedff20999df2af8eb42d56 -> 
